<?xml version="1.0" encoding="UTF-8" ?>
<testsuite tests="0" failures="0" name="test.ExecuteSendSmsTest" time="0" errors="0" skipped="0">
  <properties>
    <property name="java.runtime.name" value="Java(TM) SE Runtime Environment"/>
    <property name="sun.boot.library.path" value="D:\soft-install-path\FCR-Config\jdk1.8\jre\bin"/>
    <property name="java.vm.version" value="25.144-b01"/>
    <property name="user.country.format" value="US"/>
    <property name="java.vm.vendor" value="Oracle Corporation"/>
    <property name="maven.multiModuleProjectDirectory" value="D:\Project\FCR\com.founder.fcr.sendsms"/>
    <property name="java.vendor.url" value="http://java.oracle.com/"/>
    <property name="path.separator" value=";"/>
    <property name="guice.disable.misplaced.annotation.check" value="true"/>
    <property name="java.vm.name" value="Java HotSpot(TM) 64-Bit Server VM"/>
    <property name="file.encoding.pkg" value="sun.io"/>
    <property name="user.script" value=""/>
    <property name="user.country" value="CN"/>
    <property name="sun.java.launcher" value="SUN_STANDARD"/>
    <property name="sun.os.patch.level" value=""/>
    <property name="java.vm.specification.name" value="Java Virtual Machine Specification"/>
    <property name="user.dir" value="D:\Project\FCR\com.founder.fcr.sendsms"/>
    <property name="java.runtime.version" value="1.8.0_144-b01"/>
    <property name="java.awt.graphicsenv" value="sun.awt.Win32GraphicsEnvironment"/>
    <property name="java.endorsed.dirs" value="D:\soft-install-path\FCR-Config\jdk1.8\jre\lib\endorsed"/>
    <property name="os.arch" value="amd64"/>
    <property name="java.io.tmpdir" value="C:\Users\Mark\AppData\Local\Temp\"/>
    <property name="line.separator" value="
"/>
    <property name="java.vm.specification.vendor" value="Oracle Corporation"/>
    <property name="user.variant" value=""/>
    <property name="os.name" value="Windows 10"/>
    <property name="classworlds.conf" value="D:\Project\FCR\.metadata\.plugins\org.eclipse.m2e.launching\launches\m2conf917160103102475571.tmp"/>
    <property name="sun.jnu.encoding" value="GBK"/>
    <property name="java.library.path" value="D:\soft-install-path\FCR-Config\jdk1.8\bin;C:\WINDOWS\Sun\Java\bin;C:\WINDOWS\system32;C:\WINDOWS;D:/soft-install-path/FCR-Config/jdk1.8/bin/../jre/bin/server;D:/soft-install-path/FCR-Config/jdk1.8/bin/../jre/bin;D:/soft-install-path/FCR-Config/jdk1.8/bin/../jre/lib/amd64;D:\soft-install-path\soft-install-pathproduct;D:\soft-install-pathproduct\11.2.0\client_1;C:\Program Files (x86)\Common Files\NetSarang;C:\Program Files (x86)\Intel\iCLS Client\;C:\Program Files\Intel\iCLS Client\;C:\Windows\system32;C:\Windows;C:\Windows\System32\Wbem;C:\Windows\System32\WindowsPowerShell\v1.0\;C:\Program Files (x86)\NVIDIA Corporation\PhysX\Common;C:\Program Files (x86)\Intel\Intel(R) Management Engine Components\DAL;C:\Program Files\Intel\Intel(R) Management Engine Components\DAL;C:\Program Files (x86)\Intel\Intel(R) Management Engine Components\IPT;C:\Program Files\Intel\Intel(R) Management Engine Components\IPT;C:\WINDOWS\system32;C:\WINDOWS;C:\WINDOWS\System32\Wbem;C:\WINDOWS\System32\WindowsPowerShell\v1.0\;C:\WINDOWS\System32\OpenSSH\;D:\soft-install-path\svn\bin;D:\soft-install-path\FCR-Config\jdk1.8\bin;D:\soft-install-path\FCR-Config\jdk1.8\jre\bin;D:\soft-install-path\FCR-Config\apache-maven-3.5.2\bin;D:\soft-install-path\FCR-Config\apache-tomcat-7.0.90\lib;D:\soft-install-path\FCR-Config\apache-tomcat-7.0.90\bin;C:\strawberry\c\bin;C:\strawberry\perl\bin;D:\soft-install-path\R2018bb\runtime\win64;D:\soft-install-path\R2018bb\bin;D:\soft-install-path\nodejs\;C:\Program Files\OpenVPN\bin;C:\Program Files\MySQL\MySQL Server 8.0\bin;C:\Program Files\MySQL\MySQL Shell 8.0\bin\;D:\soft-install-path\Microsoft VS Code\bin;D:\work-software\eclipse;;."/>
    <property name="java.specification.name" value="Java Platform API Specification"/>
    <property name="java.class.version" value="52.0"/>
    <property name="sun.management.compiler" value="HotSpot 64-Bit Tiered Compilers"/>
    <property name="os.version" value="10.0"/>
    <property name="user.home" value="C:\Users\Mark"/>
    <property name="user.timezone" value="Asia/Shanghai"/>
    <property name="java.awt.printerjob" value="sun.awt.windows.WPrinterJob"/>
    <property name="java.specification.version" value="1.8"/>
    <property name="file.encoding" value="UTF-8"/>
    <property name="user.name" value="Mark"/>
    <property name="java.class.path" value="/D:/work-software/eclipse/plugins/org.eclipse.m2e.maven.runtime_1.7.0.20160603-1931/jars/plexus-classworlds-2.5.2.jar"/>
    <property name="java.vm.specification.version" value="1.8"/>
    <property name="sun.arch.data.model" value="64"/>
    <property name="java.home" value="D:\soft-install-path\FCR-Config\jdk1.8\jre"/>
    <property name="sun.java.command" value="org.codehaus.plexus.classworlds.launcher.Launcher -B -gs D:\soft-install-path\FCR-Config\apache-maven-3.5.2\conf\settings.xml.bak -s D:\soft-install-path\FCR-Config\apache-maven-3.5.2\conf\settings.xml install"/>
    <property name="java.specification.vendor" value="Oracle Corporation"/>
    <property name="user.language" value="zh"/>
    <property name="user.language.format" value="en"/>
    <property name="awt.toolkit" value="sun.awt.windows.WToolkit"/>
    <property name="java.vm.info" value="mixed mode"/>
    <property name="java.version" value="1.8.0_144"/>
    <property name="java.ext.dirs" value="D:\soft-install-path\FCR-Config\jdk1.8\jre\lib\ext;C:\WINDOWS\Sun\Java\lib\ext"/>
    <property name="sun.boot.class.path" value="D:\soft-install-path\FCR-Config\jdk1.8\jre\lib\endorsed\jaxb1-impl-2.2.5.1.jar;D:\soft-install-path\FCR-Config\jdk1.8\jre\lib\endorsed\XmlSchema-1.0.2.jar;D:\soft-install-path\FCR-Config\jdk1.8\jre\lib\resources.jar;D:\soft-install-path\FCR-Config\jdk1.8\jre\lib\rt.jar;D:\soft-install-path\FCR-Config\jdk1.8\jre\lib\sunrsasign.jar;D:\soft-install-path\FCR-Config\jdk1.8\jre\lib\jsse.jar;D:\soft-install-path\FCR-Config\jdk1.8\jre\lib\jce.jar;D:\soft-install-path\FCR-Config\jdk1.8\jre\lib\charsets.jar;D:\soft-install-path\FCR-Config\jdk1.8\jre\lib\jfr.jar;D:\soft-install-path\FCR-Config\jdk1.8\jre\classes"/>
    <property name="java.vendor" value="Oracle Corporation"/>
    <property name="maven.home" value="D:\Project\FCR\com.founder.fcr.sendsms\EMBEDDED"/>
    <property name="file.separator" value="\"/>
    <property name="java.vendor.url.bug" value="http://bugreport.sun.com/bugreport/"/>
    <property name="sun.cpu.endian" value="little"/>
    <property name="sun.io.unicode.encoding" value="UnicodeLittle"/>
    <property name="sun.desktop" value="windows"/>
    <property name="sun.cpu.isalist" value="amd64"/>
  </properties>
</testsuite>